<?xml version="1.0" encoding="UTF-8"?>
<!-- Generated by org.testng.reporters.JUnitReportReporter -->
<testsuite skipped="0" hostname="DESKTOP-79QFOE9" name="cba.Tes" tests="1" failures="0" timestamp="01 Jan 2019 07:06:12 GMT" time="70.737" errors="0">
  <testcase name="launchingapp" time="70.737" classname="cba.Tes"/>
</testsuite> <!-- cba.Tes -->
